/*C21*/SET SCHEMA PUBLIC
drop table hotel_booking if exists
create table hotel_booking (id bigint generated by default as identity (start with 1), hotel_name varchar(255), no_night integer not null, priceper_night double not null, primary key (id))
INSERT INTO HOTEL_BOOKING VALUES(1,'Marriot',2,3000.0E0)
INSERT INTO HOTEL_BOOKING VALUES(2,'Lemon Tree',3,2000.0E0)
INSERT INTO HOTEL_BOOKING VALUES(3,'Taj',2,5000.0E0)
COMMIT
drop table hotel_booking if exists
DISCONNECT
/*C20*/SET SCHEMA PUBLIC
DISCONNECT
/*C19*/SET SCHEMA PUBLIC
DISCONNECT
/*C18*/SET SCHEMA PUBLIC
DISCONNECT
/*C17*/SET SCHEMA PUBLIC
DISCONNECT
/*C16*/SET SCHEMA PUBLIC
DISCONNECT
/*C15*/SET SCHEMA PUBLIC
DISCONNECT
/*C14*/SET SCHEMA PUBLIC
DISCONNECT
/*C13*/SET SCHEMA PUBLIC
DISCONNECT
/*C12*/SET SCHEMA PUBLIC
DISCONNECT
